#-----------------------------------------------------------
# Vivado v2018.3 (64-bit)
# SW Build 2405991 on Thu Dec  6 23:38:27 MST 2018
# IP Build 2404404 on Fri Dec  7 01:43:56 MST 2018
# Start of session at: Wed Jun 15 17:29:18 2022
# Process ID: 27156
# Current directory: F:/VivadoProj/USR_IP/DDS902
# Command line: vivado.exe -gui_launcher_event rodinguilauncherevent15540 F:\VivadoProj\USR_IP\DDS902\edit_DDS902_v1_0.xpr
# Log file: F:/VivadoProj/USR_IP/DDS902/vivado.log
# Journal file: F:/VivadoProj/USR_IP/DDS902\vivado.jou
#-----------------------------------------------------------
start_gui
open_project F:/VivadoProj/USR_IP/DDS902/edit_DDS902_v1_0.xpr
WARNING: [filemgmt 56-99] Vivado Synthesis ignores library specification for Verilog or SystemVerilog files. [F:/VivadoProj/USR_IP/DDS902/DDS902_1.0/hdl/DDS902_v1_0_S00_AXI.v:]
WARNING: [filemgmt 56-99] Vivado Synthesis ignores library specification for Verilog or SystemVerilog files. [F:/VivadoProj/USR_IP/DDS902/DDS902_1.0/hdl/DDS902_v1_0.v:]
Scanning sources...
Finished scanning sources
INFO: [IP_Flow 19-234] Refreshing IP repositories
INFO: [IP_Flow 19-1700] Loaded user IP repository 'f:/VivadoProj/USR_IP/DDS902/DDS902_1.0'.
INFO: [IP_Flow 19-1700] Loaded user IP repository 'f:/VivadoProj/2022HardWareProj/ip_repo'.
INFO: [IP_Flow 19-1700] Loaded user IP repository 'f:/VivadoProj/USR_IP/FsMometer/Fsmoniter_1.0'.
INFO: [IP_Flow 19-2313] Loaded Vivado IP repository 'D:/Vivado/Vivado/2018.3/data/ip'.
open_project: Time (s): cpu = 00:00:10 ; elapsed = 00:00:05 . Memory (MB): peak = 768.113 ; gain = 141.363
update_compile_order -fileset sources_1
open_hw
connect_hw_server
INFO: [Labtools 27-2285] Connecting to hw_server url TCP:localhost:3121
open_hw_target
INFO: [Labtoolstcl 44-466] Opening hw_target localhost:3121/xilinx_tcf/Digilent/210512180081
ERROR: [Labtools 27-2269] No devices detected on target localhost:3121/xilinx_tcf/Digilent/210512180081.
Check cable connectivity and that the target board is powered up then
use the disconnect_hw_server and connect_hw_server to re-register this hardware target.
ERROR: [Common 17-39] 'open_hw_target' failed due to earlier errors.
WARNING: [Labtoolstcl 44-129] No matching hw_ila_data was found.
refresh_hw_device [lindex [get_hw_devices xc7z010_1] 0]
INFO: [Labtools 27-1434] Device xc7z010 (JTAG device index = 1) is programmed with a design that has no supported debug core(s) in it.
exit
INFO: [Common 17-206] Exiting Vivado at Wed Jun 15 19:15:33 2022...
