#-----------------------------------------------------------
# Vivado v2018.3 (64-bit)
# SW Build 2405991 on Thu Dec  6 23:38:27 MST 2018
# IP Build 2404404 on Fri Dec  7 01:43:56 MST 2018
# Start of session at: Fri Jun 17 21:43:39 2022
# Process ID: 15392
# Current directory: F:/VivadoProj/HardWareProj/ip_repo
# Command line: vivado.exe -gui_launcher_event rodinguilauncherevent8844 F:\VivadoProj\HardWareProj\ip_repo\edit_AD9235_v1_0.xpr
# Log file: F:/VivadoProj/HardWareProj/ip_repo/vivado.log
# Journal file: F:/VivadoProj/HardWareProj/ip_repo\vivado.jou
#-----------------------------------------------------------
start_gui
open_project F:/VivadoProj/HardWareProj/ip_repo/edit_AD9235_v1_0.xpr
WARNING: [filemgmt 56-99] Vivado Synthesis ignores library specification for Verilog or SystemVerilog files. [F:/VivadoProj/HardWareProj/ip_repo/AD9235_1.0/hdl/AD9235_v1_0_S00_AXI.v:]
WARNING: [filemgmt 56-99] Vivado Synthesis ignores library specification for Verilog or SystemVerilog files. [F:/VivadoProj/HardWareProj/ip_repo/AD9235_1.0/hdl/AD9235_v1_0.v:]
Scanning sources...
Finished scanning sources
INFO: [IP_Flow 19-234] Refreshing IP repositories
INFO: [IP_Flow 19-1700] Loaded user IP repository 'f:/VivadoProj/HardWareProj/ip_repo/AD9235_1.0'.
INFO: [IP_Flow 19-1700] Loaded user IP repository 'f:/VivadoProj/USR_IP/DDS902/DDS902_1.0'.
INFO: [IP_Flow 19-1700] Loaded user IP repository 'f:/VivadoProj/USR_IP/FsMometer/Fsmoniter_1.0'.
INFO: [IP_Flow 19-1700] Loaded user IP repository 'f:/VivadoProj/HardWareProj/ip_repo/my_calc_1.0'.
INFO: [IP_Flow 19-2313] Loaded Vivado IP repository 'D:/Vivado/Vivado/2018.3/data/ip'.
open_project: Time (s): cpu = 00:00:10 ; elapsed = 00:00:05 . Memory (MB): peak = 786.594 ; gain = 150.316
update_compile_order -fileset sources_1
ipx::open_ipxact_file F:/VivadoProj/HardWareProj/ip_repo/AD9235_1.0/component.xml
WARNING: [IP_Flow 19-5226] Project source file 'f:/VivadoProj/HardWareProj/ip_repo/AD9235_1.0/component.xml' ignored by IP packager.
WARNING: [IP_Flow 19-3898] File Group 'xilinx_verilogsynthesis (Verilog Synthesis)': File 'f:/VivadoProj/HardWareProj/ip_repo/AD9235_1.0/src/AD9235.v' is not found in the project sources. It will be removed from the packaged IP when the sources are merged. If still required, please add this file to the project and re-package.
WARNING: [IP_Flow 19-3898] File Group 'xilinx_verilogsynthesis (Verilog Synthesis)': File 'f:/VivadoProj/HardWareProj/ip_repo/AD9235_1.0/hdl/AD9235_v1_0_S00_AXI.v' is not found in the project sources. It will be removed from the packaged IP when the sources are merged. If still required, please add this file to the project and re-package.
WARNING: [IP_Flow 19-3898] File Group 'xilinx_verilogsynthesis (Verilog Synthesis)': File 'f:/VivadoProj/HardWareProj/ip_repo/AD9235_1.0/hdl/AD9235_v1_0.v' is not found in the project sources. It will be removed from the packaged IP when the sources are merged. If still required, please add this file to the project and re-package.
WARNING: [IP_Flow 19-3898] File Group 'xilinx_verilogbehavioralsimulation (Verilog Simulation)': File 'f:/VivadoProj/HardWareProj/ip_repo/AD9235_1.0/src/AD9235.v' is not found in the project sources. It will be removed from the packaged IP when the sources are merged. If still required, please add this file to the project and re-package.
WARNING: [IP_Flow 19-3898] File Group 'xilinx_verilogbehavioralsimulation (Verilog Simulation)': File 'f:/VivadoProj/HardWareProj/ip_repo/AD9235_1.0/hdl/AD9235_v1_0_S00_AXI.v' is not found in the project sources. It will be removed from the packaged IP when the sources are merged. If still required, please add this file to the project and re-package.
WARNING: [IP_Flow 19-3898] File Group 'xilinx_verilogbehavioralsimulation (Verilog Simulation)': File 'f:/VivadoProj/HardWareProj/ip_repo/AD9235_1.0/hdl/AD9235_v1_0.v' is not found in the project sources. It will be removed from the packaged IP when the sources are merged. If still required, please add this file to the project and re-package.
ipx::merge_project_changes hdl_parameters [ipx::current_core]
WARNING: [IP_Flow 19-5226] Project source file 'f:/VivadoProj/HardWareProj/ip_repo/AD9235_1.0/component.xml' ignored by IP packager.
INFO: [IP_Flow 19-5107] Inferred bus interface 'Ad9235_clk' of definition 'xilinx.com:signal:clock:1.0' (from Xilinx Repository).
INFO: [IP_Flow 19-3166] Bus Interface 'S00_AXI': References existing memory map 'S00_AXI'.
ipx::create_xgui_files [ipx::current_core]
ipx::update_checksums [ipx::current_core]
ipx::save_core [ipx::current_core]
update_ip_catalog -rebuild -repo_path f:/VivadoProj/HardWareProj/ip_repo/AD9235_1.0
INFO: [IP_Flow 19-725] Reloaded user IP repository 'f:/VivadoProj/HardWareProj/ip_repo/AD9235_1.0'
ipx::unload_core f:/VivadoProj/HardWareProj/ip_repo/AD9235_1.0/component.xml
ipx::open_ipxact_file F:/VivadoProj/HardWareProj/ip_repo/AD9235_1.0/component.xml
WARNING: [IP_Flow 19-5226] Project source file 'f:/VivadoProj/HardWareProj/ip_repo/AD9235_1.0/component.xml' ignored by IP packager.
WARNING: [IP_Flow 19-3898] File Group 'xilinx_verilogsynthesis (Verilog Synthesis)': File 'f:/VivadoProj/HardWareProj/ip_repo/AD9235_1.0/src/AD9235.v' is not found in the project sources. It will be removed from the packaged IP when the sources are merged. If still required, please add this file to the project and re-package.
WARNING: [IP_Flow 19-3898] File Group 'xilinx_verilogsynthesis (Verilog Synthesis)': File 'f:/VivadoProj/HardWareProj/ip_repo/AD9235_1.0/hdl/AD9235_v1_0_S00_AXI.v' is not found in the project sources. It will be removed from the packaged IP when the sources are merged. If still required, please add this file to the project and re-package.
WARNING: [IP_Flow 19-3898] File Group 'xilinx_verilogsynthesis (Verilog Synthesis)': File 'f:/VivadoProj/HardWareProj/ip_repo/AD9235_1.0/hdl/AD9235_v1_0.v' is not found in the project sources. It will be removed from the packaged IP when the sources are merged. If still required, please add this file to the project and re-package.
WARNING: [IP_Flow 19-3898] File Group 'xilinx_verilogbehavioralsimulation (Verilog Simulation)': File 'f:/VivadoProj/HardWareProj/ip_repo/AD9235_1.0/src/AD9235.v' is not found in the project sources. It will be removed from the packaged IP when the sources are merged. If still required, please add this file to the project and re-package.
WARNING: [IP_Flow 19-3898] File Group 'xilinx_verilogbehavioralsimulation (Verilog Simulation)': File 'f:/VivadoProj/HardWareProj/ip_repo/AD9235_1.0/hdl/AD9235_v1_0_S00_AXI.v' is not found in the project sources. It will be removed from the packaged IP when the sources are merged. If still required, please add this file to the project and re-package.
WARNING: [IP_Flow 19-3898] File Group 'xilinx_verilogbehavioralsimulation (Verilog Simulation)': File 'f:/VivadoProj/HardWareProj/ip_repo/AD9235_1.0/hdl/AD9235_v1_0.v' is not found in the project sources. It will be removed from the packaged IP when the sources are merged. If still required, please add this file to the project and re-package.
ipx::merge_project_changes hdl_parameters [ipx::current_core]
WARNING: [IP_Flow 19-5226] Project source file 'f:/VivadoProj/HardWareProj/ip_repo/AD9235_1.0/component.xml' ignored by IP packager.
INFO: [IP_Flow 19-3166] Bus Interface 'S00_AXI': References existing memory map 'S00_AXI'.
ipx::merge_project_changes ports [ipx::current_core]
WARNING: [IP_Flow 19-5226] Project source file 'f:/VivadoProj/HardWareProj/ip_repo/AD9235_1.0/component.xml' ignored by IP packager.
INFO: [IP_Flow 19-3166] Bus Interface 'S00_AXI': References existing memory map 'S00_AXI'.
ipx::unload_core f:/VivadoProj/HardWareProj/ip_repo/AD9235_1.0/component.xml
ipx::open_ipxact_file F:/VivadoProj/HardWareProj/ip_repo/AD9235_1.0/component.xml
WARNING: [IP_Flow 19-5226] Project source file 'f:/VivadoProj/HardWareProj/ip_repo/AD9235_1.0/component.xml' ignored by IP packager.
WARNING: [IP_Flow 19-3898] File Group 'xilinx_verilogsynthesis (Verilog Synthesis)': File 'f:/VivadoProj/HardWareProj/ip_repo/AD9235_1.0/src/AD9235.v' is not found in the project sources. It will be removed from the packaged IP when the sources are merged. If still required, please add this file to the project and re-package.
WARNING: [IP_Flow 19-3898] File Group 'xilinx_verilogsynthesis (Verilog Synthesis)': File 'f:/VivadoProj/HardWareProj/ip_repo/AD9235_1.0/hdl/AD9235_v1_0_S00_AXI.v' is not found in the project sources. It will be removed from the packaged IP when the sources are merged. If still required, please add this file to the project and re-package.
WARNING: [IP_Flow 19-3898] File Group 'xilinx_verilogsynthesis (Verilog Synthesis)': File 'f:/VivadoProj/HardWareProj/ip_repo/AD9235_1.0/hdl/AD9235_v1_0.v' is not found in the project sources. It will be removed from the packaged IP when the sources are merged. If still required, please add this file to the project and re-package.
WARNING: [IP_Flow 19-3898] File Group 'xilinx_verilogbehavioralsimulation (Verilog Simulation)': File 'f:/VivadoProj/HardWareProj/ip_repo/AD9235_1.0/src/AD9235.v' is not found in the project sources. It will be removed from the packaged IP when the sources are merged. If still required, please add this file to the project and re-package.
WARNING: [IP_Flow 19-3898] File Group 'xilinx_verilogbehavioralsimulation (Verilog Simulation)': File 'f:/VivadoProj/HardWareProj/ip_repo/AD9235_1.0/hdl/AD9235_v1_0_S00_AXI.v' is not found in the project sources. It will be removed from the packaged IP when the sources are merged. If still required, please add this file to the project and re-package.
WARNING: [IP_Flow 19-3898] File Group 'xilinx_verilogbehavioralsimulation (Verilog Simulation)': File 'f:/VivadoProj/HardWareProj/ip_repo/AD9235_1.0/hdl/AD9235_v1_0.v' is not found in the project sources. It will be removed from the packaged IP when the sources are merged. If still required, please add this file to the project and re-package.
ipx::merge_project_changes hdl_parameters [ipx::current_core]
WARNING: [IP_Flow 19-5226] Project source file 'f:/VivadoProj/HardWareProj/ip_repo/AD9235_1.0/component.xml' ignored by IP packager.
INFO: [IP_Flow 19-3166] Bus Interface 'S00_AXI': References existing memory map 'S00_AXI'.
import_files F:/VivadoProj/HardWareProj/ip_repo/AD9235_1.0/src/AD9235.v
set_property interface_mode slave [ipx::get_bus_interfaces Ad9235_clk -of_objects [ipx::current_core]]
ipx::remove_port_map CLK [ipx::get_bus_interfaces Ad9235_clk -of_objects [ipx::current_core]]
set_property interface_mode master [ipx::get_bus_interfaces Ad9235_clk -of_objects [ipx::current_core]]
ipx::merge_project_changes files [ipx::current_core]
WARNING: [IP_Flow 19-5226] Project source file 'f:/VivadoProj/HardWareProj/ip_repo/AD9235_1.0/component.xml' ignored by IP packager.
WARNING: [IP_Flow 19-5109] File Group 'xilinx_verilogsynthesis (Verilog Synthesis)': File 'f:/VivadoProj/HardWareProj/ip_repo/AD9235_1.0/src/AD9235.v' does not exist in the project sources. It has been removed from the packaged IP. If still required, please add this file to the project, merge sources and re-package.
WARNING: [IP_Flow 19-5109] File Group 'xilinx_verilogbehavioralsimulation (Verilog Simulation)': File 'f:/VivadoProj/HardWareProj/ip_repo/AD9235_1.0/src/AD9235.v' does not exist in the project sources. It has been removed from the packaged IP. If still required, please add this file to the project, merge sources and re-package.
ERROR: [Common 17-39] 'ipx::merge_project_changes' failed due to earlier errors.
ipx::remove_bus_interface Ad9235_clk [ipx::current_core]
set_property core_revision 4 [ipx::current_core]
ipx::create_xgui_files [ipx::current_core]
ipx::update_checksums [ipx::current_core]
ipx::save_core [ipx::current_core]
update_ip_catalog -rebuild -repo_path f:/VivadoProj/HardWareProj/ip_repo/AD9235_1.0
INFO: [IP_Flow 19-725] Reloaded user IP repository 'f:/VivadoProj/HardWareProj/ip_repo/AD9235_1.0'
exit
INFO: [Common 17-206] Exiting Vivado at Fri Jun 17 22:01:29 2022...
