#-----------------------------------------------------------
# Vivado v2018.3 (64-bit)
# SW Build 2405991 on Thu Dec  6 23:38:27 MST 2018
# IP Build 2404404 on Fri Dec  7 01:43:56 MST 2018
# Start of session at: Fri Jun 17 22:49:28 2022
# Process ID: 14684
# Current directory: F:/VivadoProj/HardWareProj/ip_repo
# Command line: vivado.exe -gui_launcher_event rodinguilauncherevent11912 F:\VivadoProj\HardWareProj\ip_repo\edit_AD9235_v1_0.xpr
# Log file: F:/VivadoProj/HardWareProj/ip_repo/vivado.log
# Journal file: F:/VivadoProj/HardWareProj/ip_repo\vivado.jou
#-----------------------------------------------------------
start_gui
open_project F:/VivadoProj/HardWareProj/ip_repo/edit_AD9235_v1_0.xpr
WARNING: [filemgmt 56-99] Vivado Synthesis ignores library specification for Verilog or SystemVerilog files. [F:/VivadoProj/HardWareProj/ip_repo/AD9235_1.0/hdl/AD9235_v1_0_S00_AXI.v:]
WARNING: [filemgmt 56-99] Vivado Synthesis ignores library specification for Verilog or SystemVerilog files. [F:/VivadoProj/HardWareProj/ip_repo/AD9235_1.0/hdl/AD9235_v1_0.v:]
Scanning sources...
Finished scanning sources
INFO: [IP_Flow 19-234] Refreshing IP repositories
INFO: [IP_Flow 19-1700] Loaded user IP repository 'f:/VivadoProj/HardWareProj/ip_repo/AD9235_1.0'.
INFO: [IP_Flow 19-1700] Loaded user IP repository 'f:/VivadoProj/USR_IP/DDS902/DDS902_1.0'.
INFO: [IP_Flow 19-1700] Loaded user IP repository 'f:/VivadoProj/USR_IP/FsMometer/Fsmoniter_1.0'.
INFO: [IP_Flow 19-1700] Loaded user IP repository 'f:/VivadoProj/HardWareProj/ip_repo/my_calc_1.0'.
INFO: [IP_Flow 19-2313] Loaded Vivado IP repository 'D:/Vivado/Vivado/2018.3/data/ip'.
open_project: Time (s): cpu = 00:00:10 ; elapsed = 00:00:05 . Memory (MB): peak = 769.250 ; gain = 139.316
update_compile_order -fileset sources_1
exit
INFO: [Common 17-206] Exiting Vivado at Fri Jun 17 23:02:32 2022...
