#-----------------------------------------------------------
# Vivado v2018.3 (64-bit)
# SW Build 2405991 on Thu Dec  6 23:38:27 MST 2018
# IP Build 2404404 on Fri Dec  7 01:43:56 MST 2018
# Start of session at: Wed Jun 15 16:48:01 2022
# Process ID: 25436
# Current directory: F:/VivadoProj/USR_IP/FsMometer
# Command line: vivado.exe -gui_launcher_event rodinguilauncherevent19088 F:\VivadoProj\USR_IP\FsMometer\edit_Fsmoniter_v1_0.xpr
# Log file: F:/VivadoProj/USR_IP/FsMometer/vivado.log
# Journal file: F:/VivadoProj/USR_IP/FsMometer\vivado.jou
#-----------------------------------------------------------
start_gui
open_project F:/VivadoProj/USR_IP/FsMometer/edit_Fsmoniter_v1_0.xpr
WARNING: [filemgmt 56-99] Vivado Synthesis ignores library specification for Verilog or SystemVerilog files. [F:/VivadoProj/USR_IP/FsMometer/Fsmoniter_1.0/hdl/Fsmoniter_v1_0_S00_AXI.v:]
WARNING: [filemgmt 56-99] Vivado Synthesis ignores library specification for Verilog or SystemVerilog files. [F:/VivadoProj/USR_IP/FsMometer/Fsmoniter_1.0/hdl/Fsmoniter_v1_0.v:]
Scanning sources...
Finished scanning sources
WARNING: [filemgmt 56-3] IP Repository Path: Could not find the directory 'F:/VivadoProj/IP/Fsmeasurement_1.0'.
WARNING: [filemgmt 56-3] IP Repository Path: Could not find the directory 'F:/VivadoProj/2022HardWareProj/ip_repo/my_calc_1.0'.
INFO: [IP_Flow 19-234] Refreshing IP repositories
INFO: [IP_Flow 19-1700] Loaded user IP repository 'f:/VivadoProj/USR_IP/FsMometer/Fsmoniter_1.0'.
INFO: [IP_Flow 19-1700] Loaded user IP repository 'f:/VivadoProj/USR_IP/FsMometer/FsMometer_1.0'.
WARNING: [IP_Flow 19-2248] Failed to load user IP repository 'f:/VivadoProj/IP/Fsmeasurement_1.0'; Can't find the specified path.
If this directory should no longer be in your list of user repositories, go to the IP Settings dialog and remove it.
WARNING: [IP_Flow 19-2248] Failed to load user IP repository 'f:/VivadoProj/2022HardWareProj/ip_repo/my_calc_1.0'; Can't find the specified path.
If this directory should no longer be in your list of user repositories, go to the IP Settings dialog and remove it.
INFO: [IP_Flow 19-2313] Loaded Vivado IP repository 'D:/Vivado/Vivado/2018.3/data/ip'.
open_project: Time (s): cpu = 00:00:10 ; elapsed = 00:00:05 . Memory (MB): peak = 777.305 ; gain = 158.812
update_compile_order -fileset sources_1
exit
INFO: [Common 17-206] Exiting Vivado at Wed Jun 15 17:24:50 2022...
